INFO: 2019-02-15 01:20:17,666: iPhone8.2, iTunes[363], Started_Movie:
INFO: 2019-02-15 01:20:17,666: iPhone8.2, iTunes[678], Requested_Movie:
INFO: 2019-02-15 01:20:17,666: iPhone8.2, iTunes[1544], Uploaded_Movie:
INFO: 2019-02-15 01:20:17,666: iPhone8.2, iTunes[1384], Played_Local_File:
INFO: 2019-02-15 01:20:17,666: iPhone8.2, iTunes[1647], Saved_Local_File:
INFO: 2019-02-15 01:20:17,666: iPhone8.2, iTunes[2699], Started_PodCast:
INFO: 2019-02-15 01:20:17,666: iPhone8.2, iTunes[2156], Requested_PodCast:
INFO: 2019-02-15 01:20:17,667: iPhone8.2, iTunes[2573], Watched_TV_Show:
INFO: 2019-02-15 01:20:17,667: iPhone8.2, iTunes[3264], Requested_TV_Show:
INFO: 2019-02-15 01:20:17,667: iPhone8.2, iTunes[2645], Played_Song:
INFO: 2019-02-15 01:20:17,667: iPhone8.2, iTunes[631], Downloaded_Song:
INFO: 2019-02-15 01:20:17,667: AppleTV5.3, iTunes[1150], Started_Movie:
INFO: 2019-02-15 01:20:17,667: AppleTV5.3, iTunes[2448], Requested_Movie:
INFO: 2019-02-15 01:20:17,668: AppleTV5.3, iTunes[1363], Uploaded_Movie:
INFO: 2019-02-15 01:20:17,668: AppleTV5.3, iTunes[2231], Played_Local_File:
INFO: 2019-02-15 01:20:17,668: AppleTV5.3, iTunes[73], Saved_Local_File:
INFO: 2019-02-15 01:20:17,668: AppleTV5.3, iTunes[3035], Started_PodCast:
INFO: 2019-02-15 01:20:17,668: AppleTV5.3, iTunes[2508], Requested_PodCast:
INFO: 2019-02-15 01:20:17,668: AppleTV5.3, iTunes[1338], Watched_TV_Show:
INFO: 2019-02-15 01:20:17,669: AppleTV5.3, iTunes[1848], Requested_TV_Show:
INFO: 2019-02-15 01:20:17,669: AppleTV5.3, iTunes[3125], Played_Song:
INFO: 2019-02-15 01:20:17,669: AppleTV5.3, iTunes[2482], Downloaded_Song:
INFO: 2019-02-15 01:20:17,669: iPad8.5, iTunes[2990], Started_Movie:
INFO: 2019-02-15 01:20:17,669: iPad8.5, iTunes[3913], Requested_Movie:
INFO: 2019-02-15 01:20:17,669: iPad8.5, iTunes[1161], Uploaded_Movie:
INFO: 2019-02-15 01:20:17,669: iPad8.5, iTunes[2699], Played_Local_File:
INFO: 2019-02-15 01:20:17,669: iPad8.5, iTunes[2542], Saved_Local_File:
INFO: 2019-02-15 01:20:17,670: iPad8.5, iTunes[1117], Started_PodCast:
INFO: 2019-02-15 01:20:17,670: iPad8.5, iTunes[1457], Requested_PodCast:
INFO: 2019-02-15 01:20:17,670: iPad8.5, iTunes[2299], Watched_TV_Show:
INFO: 2019-02-15 01:20:17,670: iPad8.5, iTunes[3740], Requested_TV_Show:
INFO: 2019-02-15 01:20:17,670: iPad8.5, iTunes[3015], Played_Song:
INFO: 2019-02-15 01:20:17,670: iPad8.5, iTunes[3402], Downloaded_Song:
INFO: 2019-02-15 01:20:17,670: iPad5.1, iTunes[1753], Started_Movie:
INFO: 2019-02-15 01:20:17,670: iPad5.1, iTunes[663], Requested_Movie:
INFO: 2019-02-15 01:20:17,670: iPad5.1, iTunes[2516], Uploaded_Movie:
INFO: 2019-02-15 01:20:17,670: iPad5.1, iTunes[2085], Played_Local_File:
INFO: 2019-02-15 01:20:17,671: iPad5.1, iTunes[3014], Saved_Local_File:
INFO: 2019-02-15 01:20:17,671: iPad5.1, iTunes[3746], Started_PodCast:
INFO: 2019-02-15 01:20:17,671: iPad5.1, iTunes[2364], Requested_PodCast:
INFO: 2019-02-15 01:20:17,671: iPad5.1, iTunes[1664], Watched_TV_Show:
INFO: 2019-02-15 01:20:17,671: iPad5.1, iTunes[1930], Requested_TV_Show:
INFO: 2019-02-15 01:20:17,671: iPad5.1, iTunes[3275], Played_Song:
INFO: 2019-02-15 01:20:17,671: iPad5.1, iTunes[935], Downloaded_Song:
INFO: 2019-02-15 01:20:17,671: iPhone11.8-Marge, iTunes[1334], Started_Movie:
INFO: 2019-02-15 01:20:17,671: iPhone11.8-Marge, iTunes[2495], Requested_Movie:
INFO: 2019-02-15 01:20:17,671: iPhone11.8-Marge, iTunes[75], Uploaded_Movie:
INFO: 2019-02-15 01:20:17,671: iPhone11.8-Marge, iTunes[3651], Played_Local_File:
INFO: 2019-02-15 01:20:17,671: iPhone11.8-Marge, iTunes[2210], Saved_Local_File:
INFO: 2019-02-15 01:20:17,671: iPhone11.8-Marge, iTunes[1805], Started_PodCast:
INFO: 2019-02-15 01:20:17,671: iPhone11.8-Marge, iTunes[1615], Requested_PodCast:
INFO: 2019-02-15 01:20:17,671: iPhone11.8-Marge, iTunes[3870], Watched_TV_Show:
INFO: 2019-02-15 01:20:17,671: iPhone11.8-Marge, iTunes[2511], Requested_TV_Show:
INFO: 2019-02-15 01:20:17,671: iPhone11.8-Marge, iTunes[2335], Played_Song:
INFO: 2019-02-15 01:20:17,671: iPhone11.8-Marge, iTunes[1814], Downloaded_Song:
INFO: 2019-02-15 01:20:17,671: iPhone8.2, iTunes[3968], Started_Movie:
INFO: 2019-02-15 01:20:17,672: iPhone8.2, iTunes[1494], Requested_Movie:
INFO: 2019-02-15 01:20:17,672: iPhone8.2, iTunes[1121], Uploaded_Movie:
INFO: 2019-02-15 01:20:17,672: iPhone8.2, iTunes[2270], Played_Local_File:
INFO: 2019-02-15 01:20:17,672: iPhone8.2, iTunes[1686], Saved_Local_File:
INFO: 2019-02-15 01:20:17,672: iPhone8.2, iTunes[1557], Started_PodCast:
INFO: 2019-02-15 01:20:17,672: iPhone8.2, iTunes[1414], Requested_PodCast:
INFO: 2019-02-15 01:20:17,672: iPhone8.2, iTunes[30], Watched_TV_Show:
INFO: 2019-02-15 01:20:17,672: iPhone8.2, iTunes[2791], Requested_TV_Show:
INFO: 2019-02-15 01:20:17,672: iPhone8.2, iTunes[3970], Played_Song:
INFO: 2019-02-15 01:20:17,672: iPhone8.2, iTunes[1532], Downloaded_Song:
